{
  "stats": {
    "suites": 1,
    "tests": 2,
    "passes": 2,
    "pending": 0,
    "failures": 0,
    "start": "2022-01-19T06:04:23.092Z",
    "end": "2022-01-19T06:04:24.874Z",
    "duration": 1782,
    "testsRegistered": 2,
    "passPercent": 100,
    "pendingPercent": 0,
    "other": 0,
    "hasOther": false,
    "skipped": 0,
    "hasSkipped": false
  },
  "results": [
    {
      "uuid": "419c55d3-2e13-4e17-a9d7-261c173353e4",
      "title": "",
      "fullFile": "cypress/integration/listagem.spec.js",
      "file": "cypress/integration/listagem.spec.js",
      "beforeHooks": [],
      "afterHooks": [],
      "tests": [],
      "suites": [
        {
          "uuid": "bde8d75b-35ef-41a9-8e05-f818d229b164",
          "title": "",
          "fullFile": "",
          "file": "",
          "beforeHooks": [],
          "afterHooks": [],
          "tests": [
            {
              "title": "Quando ão houver cadastros, então a listagem deve está vazia",
              "fullTitle": " Quando ão houver cadastros, então a listagem deve está vazia",
              "timedOut": null,
              "duration": 339,
              "state": "passed",
              "speed": "slow",
              "pass": true,
              "fail": false,
              "pending": false,
              "context": null,
              "code": "cy.fixture('listagem-vazia').then(data => {\n  window.localStorage.setItem('data', JSON.stringify(data));\n});\ncy.visit(\"https://form-agilizei.netlify.app/listagem.html\");\ncy.get('table tbody tr').should('have.length', 0);",
              "err": {},
              "uuid": "cb3f5f4e-7870-44f1-9f55-3a5cd8609e77",
              "parentUUID": "bde8d75b-35ef-41a9-8e05-f818d229b164",
              "isHook": false,
              "skipped": false
            },
            {
              "title": "Quando houver um ou mais cadastros, então a listagem deve exibir cada registro",
              "fullTitle": " Quando houver um ou mais cadastros, então a listagem deve exibir cada registro",
              "timedOut": null,
              "duration": 208,
              "state": "passed",
              "speed": "slow",
              "pass": true,
              "fail": false,
              "pending": false,
              "context": null,
              "code": "cy.fixture('listagem-com-itens').then(data => {\n  window.localStorage.setItem('data', JSON.stringify(data));\n});\ncy.visit(\"https://form-agilizei.netlify.app/listagem.html\");\ncy.get('table tbody tr').should('have.length', 2);",
              "err": {},
              "uuid": "48ec516c-145b-4aaf-a994-1522b165a327",
              "parentUUID": "bde8d75b-35ef-41a9-8e05-f818d229b164",
              "isHook": false,
              "skipped": false
            }
          ],
          "suites": [],
          "passes": [
            "cb3f5f4e-7870-44f1-9f55-3a5cd8609e77",
            "48ec516c-145b-4aaf-a994-1522b165a327"
          ],
          "failures": [],
          "pending": [],
          "skipped": [],
          "duration": 547,
          "root": false,
          "rootEmpty": false,
          "_timeout": 2000
        }
      ],
      "passes": [],
      "failures": [],
      "pending": [],
      "skipped": [],
      "duration": 0,
      "root": true,
      "rootEmpty": true,
      "_timeout": 2000
    }
  ],
  "meta": {
    "mocha": {
      "version": "7.0.1"
    },
    "mochawesome": {
      "options": {
        "quiet": true,
        "reportFilename": "mochawesome",
        "saveHtml": false,
        "saveJson": true,
        "consoleReporter": "spec",
        "useInlineDiffs": false,
        "code": true
      },
      "version": "7.0.1"
    },
    "marge": {
      "options": {
        "id": "default",
        "reportDir": "mochawesome-report",
        "quiet": true,
        "overwrite": false,
        "html": false,
        "json": true
      },
      "version": "6.0.1"
    }
  }
}